<?xml version="1.0" encoding="UTF-8"?>
<!-- Generated by org.testng.reporters.JUnitXMLReporter -->
<testsuite hostname="DS-448A5BBFFC98" name="Test" tests="1" failures="1" timestamp="7 Oct 2015 23:07:03 GMT" time="0.015" errors="0">
  <testcase name="launchurlfirefox" time="0.0" classname="com.org.cnnexpansion.projectFileTest">
    <failure type="java.lang.NullPointerException">
      <![CDATA[java.lang.NullPointerException
	at com.org.cnnexpansion.HomePage.launchbrowser(HomePage.java:28)
	at com.org.cnnexpansion.projectFileTest.launchurlfirefox(projectFileTest.java:28)
	at java.util.concurrent.ThreadPoolExecutor.runWorker(Unknown Source)
	at java.util.concurrent.ThreadPoolExecutor$Worker.run(Unknown Source)
	at java.lang.Thread.run(Unknown Source)
... Removed 10 stack frames]]>
    </failure>
  </testcase> <!-- launchurlfirefox -->
</testsuite> <!-- Test -->
