<?xml version="1.0" encoding="UTF-8" ?>
<testsuite tests="3" failures="1" name="com.org.cnnexpansion.projectFileTest" time="0.797" errors="0" skipped="2">
  <properties>
[...]
</properties>
  <testcase classname="com.org.cnnexpansion.projectFileTest" name="getdrivers" time="0.797">
    <failure message="Failed to connect to binary FirefoxBinary(C:\Program Files (x86)\Mozilla Firefox\firefox.exe) on port 7055; process output follows: 
null
Build info: version: &apos;2.47.1&apos;, revision: &apos;unknown&apos;, time: &apos;2015-07-30 11:02:44&apos;
System info: host: &apos;DS-448A5BBFFC98&apos;, ip: &apos;10.166.104.81&apos;, os.name: &apos;Windows 7&apos;, os.arch: &apos;amd64&apos;, os.version: &apos;6.1&apos;, java.version: &apos;1.8.0_45&apos;
Driver info: driver.version: FirefoxDriver" type="org.openqa.selenium.WebDriverException">org.openqa.selenium.WebDriverException: Failed to connect to binary FirefoxBinary(C:\Program Files (x86)\Mozilla Firefox\firefox.exe) on port 7055; process output follows: 
null
Build info: version: &apos;2.47.1&apos;, revision: &apos;unknown&apos;, time: &apos;2015-07-30 11:02:44&apos;
System info: host: &apos;DS-448A5BBFFC98&apos;, ip: &apos;10.166.104.81&apos;, os.name: &apos;Windows 7&apos;, os.arch: &apos;amd64&apos;, os.version: &apos;6.1&apos;, java.version: &apos;1.8.0_45&apos;
Driver info: driver.version: FirefoxDriver
	at org.openqa.selenium.firefox.internal.NewProfileExtensionConnection.start(NewProfileExtensionConnection.java:138)
	at org.openqa.selenium.firefox.FirefoxDriver.startClient(FirefoxDriver.java:276)
	at org.openqa.selenium.remote.RemoteWebDriver.&lt;init&gt;(RemoteWebDriver.java:116)
	at org.openqa.selenium.firefox.FirefoxDriver.&lt;init&gt;(FirefoxDriver.java:221)
	at org.openqa.selenium.firefox.FirefoxDriver.&lt;init&gt;(FirefoxDriver.java:216)
	at org.openqa.selenium.firefox.FirefoxDriver.&lt;init&gt;(FirefoxDriver.java:212)
	at org.openqa.selenium.firefox.FirefoxDriver.&lt;init&gt;(FirefoxDriver.java:125)
	at com.org.cnnexpansion.Driverinitialize.FFDriverinitialize(Driverinitialize.java:11)
	at com.org.cnnexpansion.projectFileTest.getdrivers(projectFileTest.java:16)
Caused by: org.openqa.selenium.firefox.UnableToCreateProfileException: java.io.IOException: There is not enough space on the disk
Build info: version: &apos;2.47.1&apos;, revision: &apos;unknown&apos;, time: &apos;2015-07-30 11:02:44&apos;
System info: host: &apos;DS-448A5BBFFC98&apos;, ip: &apos;10.166.104.81&apos;, os.name: &apos;Windows 7&apos;, os.arch: &apos;amd64&apos;, os.version: &apos;6.1&apos;, java.version: &apos;1.8.0_45&apos;
Driver info: driver.version: FirefoxDriver
	at org.openqa.selenium.firefox.FirefoxProfile.layoutOnDisk(FirefoxProfile.java:425)
	at org.openqa.selenium.firefox.internal.NewProfileExtensionConnection.start(NewProfileExtensionConnection.java:95)
	... 41 more
Caused by: java.io.IOException: There is not enough space on the disk
	at java.io.FileOutputStream.writeBytes(Native Method)
	at java.io.FileOutputStream.write(Unknown Source)
	at com.google.common.io.ByteStreams.copy(ByteStreams.java:74)
	at com.google.common.io.ByteSource.copyTo(ByteSource.java:220)
	at com.google.common.io.Resources.copy(Resources.java:175)
	at org.openqa.selenium.firefox.internal.ClasspathExtension.writeTo(ClasspathExtension.java:60)
	at org.openqa.selenium.firefox.FirefoxProfile.installExtensions(FirefoxProfile.java:441)
	at org.openqa.selenium.firefox.FirefoxProfile.layoutOnDisk(FirefoxProfile.java:419)
	... 42 more
</failure>
    <system-out>Configuring TestNG with: org.apache.maven.surefire.testng.conf.TestNG652Configurator@4f47d241
</system-out>
  </testcase>
  <testcase classname="com.org.cnnexpansion.projectFileTest" name="launchurlchrome" time="0">
    <skipped/>
  </testcase>
  <testcase classname="com.org.cnnexpansion.projectFileTest" name="launchurlfirefox" time="0">
    <skipped/>
  </testcase>
</testsuite>