<?xml version="1.0" encoding="UTF-8"?>
<testng-results skipped="0" failed="1" total="1" passed="0">
  <reporter-output>
  </reporter-output>
  <suite name="Suite" duration-ms="736464" started-at="2015-10-30T22:39:06Z" finished-at="2015-10-30T22:51:22Z">
    <groups>
      <group name="b">
        <method signature="projectFileTest.launchurlchrome(java.lang.String, java.lang.String)[pri:0, instance:com.org.cnnexpansion.projectFileTest@3b088d51]" name="launchurlchrome" class="com.org.cnnexpansion.projectFileTest"/>
      </group> <!-- b -->
      <group name="c">
        <method signature="projectFileTest.launchurlchrome(java.lang.String, java.lang.String)[pri:0, instance:com.org.cnnexpansion.projectFileTest@3b088d51]" name="launchurlchrome" class="com.org.cnnexpansion.projectFileTest"/>
      </group> <!-- c -->
    </groups>
    <test name="Test" duration-ms="736464" started-at="2015-10-30T22:39:06Z" finished-at="2015-10-30T22:51:22Z">
      <class name="com.org.cnnexpansion.projectFileTest">
        <test-method status="PASS" signature="getdrivers()[pri:0, instance:com.org.cnnexpansion.projectFileTest@3b088d51]" name="getdrivers" is-config="true" duration-ms="29926" started-at="2015-10-31T04:09:06Z" finished-at="2015-10-31T04:09:36Z">
          <reporter-output>
          </reporter-output>
        </test-method> <!-- getdrivers -->
        <test-method status="FAIL" signature="launchurlchrome(java.lang.String, java.lang.String)[pri:0, instance:com.org.cnnexpansion.projectFileTest@3b088d51]" name="launchurlchrome" duration-ms="706419" started-at="2015-10-31T04:09:36Z" data-provider="loginpage" finished-at="2015-10-31T04:21:22Z">
          <params>
            <param index="0">
              <value>
                <![CDATA[tamizhmani313@yahoo.com]]>
              </value>
            </param>
            <param index="1">
              <value>
                <![CDATA[**********]]>
              </value>
            </param>
          </params>
          <exception class="org.openqa.selenium.TimeoutException">
            <message>
              <![CDATA[timeout: Timed out receiving message from renderer: 600.000
  (Session info: chrome=46.0.2490.80)
  (Driver info: chromedriver=2.19.346078 (6f1f0cde889532d48ce8242342d0b84f94b114a1),platform=Windows NT 6.1 SP1 x86_64) (WARNING: The server did not provide any stacktrace information)
Command duration or timeout: 600.00 seconds
Build info: version: '2.47.1', revision: 'unknown', time: '2015-07-30 11:02:44'
System info: host: 'DS-448A5BBFFC98', ip: '10.166.104.228', os.name: 'Windows 7', os.arch: 'amd64', os.version: '6.1', java.version: '1.8.0_45'
Driver info: org.openqa.selenium.chrome.ChromeDriver
Capabilities [{applicationCacheEnabled=false, rotatable=false, mobileEmulationEnabled=false, chrome={userDataDir=C:\Users\TAMIZH~1\AppData\Local\Temp\scoped_dir4056_17871}, takesHeapSnapshot=true, databaseEnabled=false, handlesAlerts=true, hasTouchScreen=false, version=46.0.2490.80, platform=XP, browserConnectionEnabled=false, nativeEvents=true, acceptSslCerts=true, locationContextEnabled=true, webStorageEnabled=true, browserName=chrome, takesScreenshot=true, javascriptEnabled=true, cssSelectorsEnabled=true}]
Session ID: 9e1b22daa58b501f4dc23d97d3265a77]]>
            </message>
            <full-stacktrace>
              <![CDATA[org.openqa.selenium.TimeoutException: timeout: Timed out receiving message from renderer: 600.000
  (Session info: chrome=46.0.2490.80)
  (Driver info: chromedriver=2.19.346078 (6f1f0cde889532d48ce8242342d0b84f94b114a1),platform=Windows NT 6.1 SP1 x86_64) (WARNING: The server did not provide any stacktrace information)
Command duration or timeout: 600.00 seconds
Build info: version: '2.47.1', revision: 'unknown', time: '2015-07-30 11:02:44'
System info: host: 'DS-448A5BBFFC98', ip: '10.166.104.228', os.name: 'Windows 7', os.arch: 'amd64', os.version: '6.1', java.version: '1.8.0_45'
Driver info: org.openqa.selenium.chrome.ChromeDriver
Capabilities [{applicationCacheEnabled=false, rotatable=false, mobileEmulationEnabled=false, chrome={userDataDir=C:\Users\TAMIZH~1\AppData\Local\Temp\scoped_dir4056_17871}, takesHeapSnapshot=true, databaseEnabled=false, handlesAlerts=true, hasTouchScreen=false, version=46.0.2490.80, platform=XP, browserConnectionEnabled=false, nativeEvents=true, acceptSslCerts=true, locationContextEnabled=true, webStorageEnabled=true, browserName=chrome, takesScreenshot=true, javascriptEnabled=true, cssSelectorsEnabled=true}]
Session ID: 9e1b22daa58b501f4dc23d97d3265a77
	at sun.reflect.NativeConstructorAccessorImpl.newInstance0(Native Method)
	at sun.reflect.NativeConstructorAccessorImpl.newInstance(Unknown Source)
	at sun.reflect.DelegatingConstructorAccessorImpl.newInstance(Unknown Source)
	at java.lang.reflect.Constructor.newInstance(Unknown Source)
	at org.openqa.selenium.remote.ErrorHandler.createThrowable(ErrorHandler.java:206)
	at org.openqa.selenium.remote.ErrorHandler.throwIfResponseFailed(ErrorHandler.java:158)
	at org.openqa.selenium.remote.RemoteWebDriver.execute(RemoteWebDriver.java:595)
	at org.openqa.selenium.remote.RemoteWebDriver.execute(RemoteWebDriver.java:618)
	at org.openqa.selenium.remote.RemoteWebDriver.getTitle(RemoteWebDriver.java:310)
	at com.org.cnnexpansion.socialLogin.fbLogin(socialLogin.java:81)
	at com.org.cnnexpansion.projectFileTest.launchurlchrome(projectFileTest.java:44)
	at sun.reflect.NativeMethodAccessorImpl.invoke0(Native Method)
	at sun.reflect.NativeMethodAccessorImpl.invoke(Unknown Source)
	at sun.reflect.DelegatingMethodAccessorImpl.invoke(Unknown Source)
	at java.lang.reflect.Method.invoke(Unknown Source)
	at org.testng.internal.MethodInvocationHelper.invokeMethod(MethodInvocationHelper.java:84)
	at org.testng.internal.Invoker.invokeMethod(Invoker.java:714)
	at org.testng.internal.Invoker.invokeTestMethod(Invoker.java:901)
	at org.testng.internal.Invoker.invokeTestMethods(Invoker.java:1231)
	at org.testng.internal.TestMethodWorker.invokeTestMethods(TestMethodWorker.java:127)
	at org.testng.internal.TestMethodWorker.run(TestMethodWorker.java:111)
	at java.util.concurrent.ThreadPoolExecutor.runWorker(Unknown Source)
	at java.util.concurrent.ThreadPoolExecutor$Worker.run(Unknown Source)
	at java.lang.Thread.run(Unknown Source)
]]>
            </full-stacktrace>
          </exception> <!-- org.openqa.selenium.TimeoutException -->
          <reporter-output>
          </reporter-output>
        </test-method> <!-- launchurlchrome -->
      </class> <!-- com.org.cnnexpansion.projectFileTest -->
    </test> <!-- Test -->
  </suite> <!-- Suite -->
</testng-results>
